Arguments: 
  C:\Program Files\nodejs\node.exe C:\Users\Ben\AppData\Roaming\npm\node_modules\yarn\bin\yarn.js add comicbubbles

PATH: 
  C:\Windows\system32;C:\Windows;C:\Windows\System32\Wbem;C:\Windows\System32\WindowsPowerShell\v1.0\;C:\Windows\System32\OpenSSH\;C:\Program Files\dotnet\;C:\Program Files\Microsoft SQL Server\130\Tools\Binn\;C:\Program Files (x86)\NVIDIA Corporation\PhysX\Common;C:\Program Files\NVIDIA Corporation\NVIDIA NvDLISR;C:\Program Files\nodejs\;C:\Program Files\Git\cmd;D:\Program Files\dotnet\;D:\Program Files\PuTTY\;C:\Program Files\Microsoft SQL Server\Client SDK\ODBC\170\Tools\Binn\;C:\Windows\Microsoft.NET\Framework\v4.0.30319;C:\Users\Ben\AppData\Local\Microsoft\PowerAppsCLI\;C:\Users\Ben\AppData\Local\Microsoft\WindowsApps;;C:\Users\Ben\AppData\Roaming\npm;D:\Program Files\Microsoft VS Code\bin;D:\Program Files\Azure Data Studio\bin;C:\Program Files (x86)\Nmap;C:\Users\Ben\AppData\Local\Box\Box Edit\

Yarn version: 
  1.16.0

Node version: 
  10.15.3

Platform: 
  win32 x64

Trace: 
  Error: https://registry.yarnpkg.com/comicbubbles: Not found
      at Request.params.callback [as _callback] (C:\Users\Ben\AppData\Roaming\npm\node_modules\yarn\lib\cli.js:66091:18)
      at Request.self.callback (C:\Users\Ben\AppData\Roaming\npm\node_modules\yarn\lib\cli.js:129590:22)
      at Request.emit (events.js:189:13)
      at Request.<anonymous> (C:\Users\Ben\AppData\Roaming\npm\node_modules\yarn\lib\cli.js:130562:10)
      at Request.emit (events.js:189:13)
      at IncomingMessage.<anonymous> (C:\Users\Ben\AppData\Roaming\npm\node_modules\yarn\lib\cli.js:130484:12)
      at Object.onceWrapper (events.js:277:13)
      at IncomingMessage.emit (events.js:194:15)
      at endReadableNT (_stream_readable.js:1125:12)
      at process._tickCallback (internal/process/next_tick.js:63:19)

npm manifest: 
  {
    "name": "reveal.js",
    "version": "3.8.0",
    "description": "The HTML Presentation Framework",
    "homepage": "http://revealjs.com",
    "subdomain": "revealjs",
    "main": "js/reveal.js",
    "scripts": {
      "test": "grunt test",
      "start": "grunt serve",
      "build": "grunt"
    },
    "author": {
      "name": "Hakim El Hattab",
      "email": "hakim.elhattab@gmail.com",
      "web": "http://hakim.se"
    },
    "repository": {
      "type": "git",
      "url": "git://github.com/hakimel/reveal.js.git"
    },
    "engines": {
      "node": ">=9.0.0"
    },
    "devDependencies": {
      "express": "^4.16.2",
      "grunt": "^1.0.4",
      "grunt-cli": "^1.3.2",
      "grunt-autoprefixer": "^3.0.4",
      "grunt-contrib-connect": "^2.0.0",
      "grunt-contrib-cssmin": "^3.0.0",
      "grunt-contrib-jshint": "^2.0.0",
      "grunt-contrib-qunit": "^3.1.0",
      "grunt-contrib-uglify": "^3.3.0",
      "grunt-contrib-watch": "^1.1.0",
      "grunt-sass": "^3.0.2",
      "grunt-zip": "~0.17.1",
      "load-grunt-tasks": "^4.0.0",
      "node-sass": "^4.11.0",
      "mustache": "^2.3.0",
      "socket.io": "^2.2.0"
    },
    "license": "MIT"
  }

yarn manifest: 
  No manifest

Lockfile: 
  No lockfile
